{"logLevel":"debug","message":"multithreading is set to false"}
{"logLevel":"debug","message":"Using reflection to scan dependencies for gauge implementations..."}
log4j:WARN No appenders could be found for logger (io.grpc.netty.shaded.io.netty.util.internal.logging.InternalLoggerFactory).
log4j:WARN Please initialize the log4j system properly.
log4j:WARN See http://logging.apache.org/log4j/1.2/faq.html#noconfig for more info.
{"logLevel":"debug","message":"gauge-java took 2893milliseconds to load and scan. This should be less than 'runner_connection_timeout' config value."}
{"logLevel":"debug","message":"run 'gauge config runner_connection_timeout' and verify that it is < 2893"}
{"logLevel":"debug","message":"starting gRPC server..."}
{"logLevel":"debug","message":"started gRPC server on port 50884"}
{"logLevel":"info","message":"Listening on port:50884"}
{"logLevel":"debug","message":"Scanning packages for steps"}
{"logLevel":"debug","message":"Comparing 'ozdilek.appium.BasePage.favorilereEkle' and 'ozdilek.appium.BasePage.favorilereEkle'"}
{"logLevel":"debug","message":"Found xpath {} favoriye ekle in current project scope."}
{"logLevel":"debug","message":"Comparing 'ozdilek.appium.pages.CategoryTest.clickKadin' and 'ozdilek.appium.pages.CategoryTest.clickKadin'"}
{"logLevel":"debug","message":"Found xpath{} kadın kategorisine tıklanır in current project scope."}
{"logLevel":"debug","message":"Comparing 'ozdilek.appium.BasePage.checkProductDetail' and 'ozdilek.appium.BasePage.checkProductDetail'"}
{"logLevel":"debug","message":"Found Urun detay sayfasi acildigi kontrol edilir in current project scope."}
{"logLevel":"debug","message":"Comparing 'ozdilek.appium.pages.CategoryTest.checkTextControl' and 'ozdilek.appium.pages.CategoryTest.checkTextControl'"}
{"logLevel":"debug","message":"Found id{} li element kontrol edilir in current project scope."}
{"logLevel":"debug","message":"Comparing 'ozdilek.appium.pages.CategoryTest.clickCategory' and 'ozdilek.appium.pages.CategoryTest.clickCategory'"}
{"logLevel":"debug","message":"Found id{} kategoriye tıklanır in current project scope."}
{"logLevel":"debug","message":"Comparing 'ozdilek.appium.BasePage.selectRandomproduct' and 'ozdilek.appium.BasePage.selectRandomproduct'"}
{"logLevel":"debug","message":"Found Random bir ürün seçilir in current project scope."}
{"logLevel":"debug","message":"Comparing 'ozdilek.appium.BasePage.clickById' and 'ozdilek.appium.BasePage.clickById'"}
{"logLevel":"debug","message":"Found id{} li elemente tıklanır in current project scope."}
{"logLevel":"debug","message":"Comparing 'ozdilek.appium.BasePage.selectRandomproductt' and 'ozdilek.appium.BasePage.selectRandomproductt'"}
{"logLevel":"debug","message":"Found Random bir ürün seçilirr in current project scope."}
{"logLevel":"debug","message":"Comparing 'ozdilek.appium.pages.CategoryTest.clickPantolon' and 'ozdilek.appium.pages.CategoryTest.clickPantolon'"}
{"logLevel":"debug","message":"Found xpath{} pantolon kategorisine tıklanır in current project scope."}
{"logLevel":"debug","message":"Comparing 'ozdilek.appium.pages.CategoryTest.checkElement' and 'ozdilek.appium.pages.CategoryTest.checkElement'"}
{"logLevel":"debug","message":"Found id{} li element kontrol edilir market in current project scope."}
{"logLevel":"debug","message":"Comparing 'ozdilek.appium.BasePage.scroll' and 'ozdilek.appium.BasePage.scroll'"}
{"logLevel":"debug","message":"Found {} in current project scope."}
{"logLevel":"debug","message":"Comparing 'ozdilek.appium.BasePage.clickBygeri' and 'ozdilek.appium.BasePage.clickBygeri'"}
{"logLevel":"debug","message":"Found id{} geri tusuna tıkla in current project scope."}
{"logLevel":"debug","message":"Comparing 'ozdilek.appium.BasePage.scroll' and 'ozdilek.appium.driver.wait.Wait.waitSeconds'"}
{"logLevel":"debug","message":"Comparing 'ozdilek.appium.driver.wait.Wait.waitSeconds' and 'ozdilek.appium.driver.wait.Wait.waitSeconds'"}
{"logLevel":"debug","message":"Found {} in current project scope."}
{"logLevel":"debug","message":"Comparing 'ozdilek.appium.BasePage.kullaniciSifre' and 'ozdilek.appium.BasePage.kullaniciSifre'"}
{"logLevel":"debug","message":"Found {} 'li elemente {} şifre girme in current project scope."}
{"logLevel":"debug","message":"Comparing 'ozdilek.appium.BasePage.kullaniciAdi' and 'ozdilek.appium.BasePage.kullaniciAdi'"}
{"logLevel":"debug","message":"Found {} id'li elemente {} mail adresi girme in current project scope."}
{"logLevel":"debug","message":"Scanning packages for hooks"}
{"logLevel":"debug","message":"Scanned steps (using static parsing + reflections): "}
{"logLevel":"debug","message":"\tRandom bir ürün seçilirr : public void selectRandomproductt()"}
{"logLevel":"debug","message":"\txpath{} pantolon kategorisine tıklanır : public void clickPantolon(String xpath)"}
{"logLevel":"debug","message":"\txpath {} favoriye ekle : public void favorilereEkle(String xpath)"}
{"logLevel":"debug","message":"\t{} : public void scroll(String scroll)"}
{"logLevel":"debug","message":"\tid{} li element kontrol edilir market : public void checkElement(String id)"}
{"logLevel":"debug","message":"\tRandom bir ürün seçilir : public void selectRandomproduct()"}
{"logLevel":"debug","message":"\tid{} geri tusuna tıkla : public void clickBygeri(String id)"}
{"logLevel":"debug","message":"\t{} id'li elemente {} mail adresi girme : public void kullaniciAdi(String mailId, String mailText)"}
{"logLevel":"debug","message":"\tid{} li element kontrol edilir : public void checkTextControl(String id)"}
{"logLevel":"debug","message":"\tid{} kategoriye tıklanır : public void clickCategory(String id)"}
{"logLevel":"debug","message":"\tid{} li elemente tıklanır : public void clickById(String id)"}
{"logLevel":"debug","message":"\t{} 'li elemente {} şifre girme : public void kullaniciSifre(String sifreId, String sifreText)"}
{"logLevel":"debug","message":"\tUrun detay sayfasi acildigi kontrol edilir : public void checkProductDetail() throws InterruptedException"}
{"logLevel":"debug","message":"\txpath{} kadın kategorisine tıklanır : public void clickKadin(String xpath)"}
{"logLevel":"debug","message":"Killing Java runner..."}
{"logLevel":"debug","message":"Stopping execution pool..."}
{"logLevel":"debug","message":"Shutting down grpc server..."}
{"logLevel":"debug","message":"Runner killed gracefully."}
