{"logLevel":"debug","message":"multithreading is set to false"}
{"logLevel":"debug","message":"Using reflection to scan dependencies for gauge implementations..."}
log4j:WARN No appenders could be found for logger (io.grpc.netty.shaded.io.netty.util.internal.logging.InternalLoggerFactory).
log4j:WARN Please initialize the log4j system properly.
log4j:WARN See http://logging.apache.org/log4j/1.2/faq.html#noconfig for more info.
{"logLevel":"debug","message":"gauge-java took 2622milliseconds to load and scan. This should be less than 'runner_connection_timeout' config value."}
{"logLevel":"debug","message":"run 'gauge config runner_connection_timeout' and verify that it is < 2622"}
{"logLevel":"debug","message":"starting gRPC server..."}
{"logLevel":"debug","message":"started gRPC server on port 52109"}
{"logLevel":"info","message":"Listening on port:52109"}
{"logLevel":"debug","message":"Scanning packages for steps"}
{"logLevel":"debug","message":"Comparing 'ozdilek.appium.BasePage.addToCart' and 'ozdilek.appium.BasePage.addToCart'"}
{"logLevel":"debug","message":"Found Sepete ekle in current project scope."}
{"logLevel":"debug","message":"Comparing 'ozdilek.appium.pages.CategoryTest.clickKadin' and 'ozdilek.appium.pages.CategoryTest.clickKadin'"}
{"logLevel":"debug","message":"Found xpath{} kadın kategorisine tıklanır in current project scope."}
{"logLevel":"debug","message":"Comparing 'ozdilek.appium.BasePage.checkProductDetail' and 'ozdilek.appium.BasePage.checkProductDetail'"}
{"logLevel":"debug","message":"Found Urun detay sayfasi acildigi kontrol edilir in current project scope."}
{"logLevel":"debug","message":"Comparing 'ozdilek.appium.pages.CategoryTest.checkTextControl' and 'ozdilek.appium.pages.CategoryTest.checkTextControl'"}
{"logLevel":"debug","message":"Found id{} li element kontrol edilir in current project scope."}
{"logLevel":"debug","message":"Comparing 'ozdilek.appium.pages.CategoryTest.clickCategory' and 'ozdilek.appium.pages.CategoryTest.clickCategory'"}
{"logLevel":"debug","message":"Found id{} kategoriye tıklanır in current project scope."}
{"logLevel":"debug","message":"Comparing 'ozdilek.appium.BasePage.selectRandomproduct' and 'ozdilek.appium.BasePage.selectRandomproduct'"}
{"logLevel":"debug","message":"Found Random bir ürün seçilir in current project scope."}
{"logLevel":"debug","message":"Comparing 'ozdilek.appium.BasePage.clickById' and 'ozdilek.appium.BasePage.clickById'"}
{"logLevel":"debug","message":"Found id{} li elemente tıklanır in current project scope."}
{"logLevel":"debug","message":"Comparing 'ozdilek.appium.pages.CategoryTest.clickPantolon' and 'ozdilek.appium.pages.CategoryTest.clickPantolon'"}
{"logLevel":"debug","message":"Found xpath{} pantolon kategorisine tıklanır in current project scope."}
{"logLevel":"debug","message":"Comparing 'ozdilek.appium.pages.CategoryTest.checkElement' and 'ozdilek.appium.pages.CategoryTest.checkElement'"}
{"logLevel":"debug","message":"Found id{} li element kontrol edilir market in current project scope."}
{"logLevel":"debug","message":"Comparing 'ozdilek.appium.BasePage.scroll' and 'ozdilek.appium.BasePage.scroll'"}
{"logLevel":"debug","message":"Found {} in current project scope."}
{"logLevel":"debug","message":"Comparing 'ozdilek.appium.BasePage.addToFav' and 'ozdilek.appium.BasePage.addToFav'"}
{"logLevel":"debug","message":"Found Urun favorilere eklenir in current project scope."}
{"logLevel":"debug","message":"Comparing 'ozdilek.appium.BasePage.clickBygeri' and 'ozdilek.appium.BasePage.clickBygeri'"}
{"logLevel":"debug","message":"Found id{} geri tusuna tıkla in current project scope."}
{"logLevel":"debug","message":"Comparing 'ozdilek.appium.BasePage.waitForSeconds' and 'ozdilek.appium.BasePage.waitForSeconds'"}
{"logLevel":"debug","message":"Found {} saniye kadar bekle in current project scope."}
{"logLevel":"debug","message":"Comparing 'ozdilek.appium.BasePage.kullaniciSifre' and 'ozdilek.appium.BasePage.kullaniciSifre'"}
{"logLevel":"debug","message":"Found {} 'li elemente {} şifre girme in current project scope."}
{"logLevel":"debug","message":"Comparing 'ozdilek.appium.BasePage.kullaniciAdi' and 'ozdilek.appium.BasePage.kullaniciAdi'"}
{"logLevel":"debug","message":"Found {} id'li elemente {} mail adresi girme in current project scope."}
{"logLevel":"debug","message":"Scanning packages for hooks"}
{"logLevel":"debug","message":"Scanned steps (using static parsing + reflections): "}
{"logLevel":"debug","message":"\txpath{} pantolon kategorisine tıklanır : public void clickPantolon(String xpath)"}
{"logLevel":"debug","message":"\t{} : public void scroll(String scroll)"}
{"logLevel":"debug","message":"\tSepete ekle : public void addToCart() throws InterruptedException"}
{"logLevel":"debug","message":"\tid{} li element kontrol edilir market : public void checkElement(String id)"}
{"logLevel":"debug","message":"\tRandom bir ürün seçilir : public void selectRandomproduct()"}
{"logLevel":"debug","message":"\tUrun favorilere eklenir : public void addToFav() throws InterruptedException"}
{"logLevel":"debug","message":"\tid{} geri tusuna tıkla : public void clickBygeri(String id)"}
{"logLevel":"debug","message":"\t{} id'li elemente {} mail adresi girme : public void kullaniciAdi(String mailId, String mailText)"}
{"logLevel":"debug","message":"\tid{} li element kontrol edilir : public void checkTextControl(String id)"}
{"logLevel":"debug","message":"\tid{} kategoriye tıklanır : public void clickCategory(String id)"}
{"logLevel":"debug","message":"\tid{} li elemente tıklanır : public void clickById(String id)"}
{"logLevel":"debug","message":"\t{} 'li elemente {} şifre girme : public void kullaniciSifre(String sifreId, String sifreText)"}
{"logLevel":"debug","message":"\t{} saniye kadar bekle : public void waitForSeconds(ınt wait)"}
{"logLevel":"debug","message":"\tUrun detay sayfasi acildigi kontrol edilir : public void checkProductDetail() throws InterruptedException"}
{"logLevel":"debug","message":"\txpath{} kadın kategorisine tıklanır : public void clickKadin(String xpath)"}
Feb 28, 2022 5:09:26 PM io.appium.java_client.remote.AppiumCommandExecutor$1 lambda$0
INFO: Detected dialect: W3C
{"logLevel":"debug","message":"Executing '{} saniye kadar bekle' using 'class ozdilek.appium.BasePage.waitForSeconds"}
{"logLevel":"debug","message":"Executing 'id{} li element kontrol edilir' using 'class ozdilek.appium.pages.CategoryTest.checkTextControl"}
{"logLevel":"debug","message":"Executing '{} saniye kadar bekle' using 'class ozdilek.appium.BasePage.waitForSeconds"}
{"logLevel":"debug","message":"Executing 'id{} li elemente tıklanır' using 'class ozdilek.appium.BasePage.clickById"}
{"logLevel":"debug","message":"Executing '{} saniye kadar bekle' using 'class ozdilek.appium.BasePage.waitForSeconds"}
{"logLevel":"debug","message":"Executing 'id{} li element kontrol edilir market' using 'class ozdilek.appium.pages.CategoryTest.checkElement"}
Urun detayına girildi.
{"logLevel":"debug","message":"Executing '{} saniye kadar bekle' using 'class ozdilek.appium.BasePage.waitForSeconds"}
{"logLevel":"debug","message":"Executing 'id{} kategoriye tıklanır' using 'class ozdilek.appium.pages.CategoryTest.clickCategory"}
{"logLevel":"debug","message":"Executing '{} saniye kadar bekle' using 'class ozdilek.appium.BasePage.waitForSeconds"}
{"logLevel":"debug","message":"Executing 'xpath{} kadın kategorisine tıklanır' using 'class ozdilek.appium.pages.CategoryTest.clickKadin"}
{"logLevel":"debug","message":"Executing '{} saniye kadar bekle' using 'class ozdilek.appium.BasePage.waitForSeconds"}
{"logLevel":"debug","message":"Executing 'xpath{} pantolon kategorisine tıklanır' using 'class ozdilek.appium.pages.CategoryTest.clickPantolon"}
{"logLevel":"debug","message":"Executing '{} saniye kadar bekle' using 'class ozdilek.appium.BasePage.waitForSeconds"}
{"logLevel":"debug","message":"Executing '{}' using 'class ozdilek.appium.BasePage.scroll"}
{"logLevel":"debug","message":"Executing '{} saniye kadar bekle' using 'class ozdilek.appium.BasePage.waitForSeconds"}
{"logLevel":"debug","message":"Executing '{}' using 'class ozdilek.appium.BasePage.scroll"}
{"logLevel":"debug","message":"Executing '{} saniye kadar bekle' using 'class ozdilek.appium.BasePage.waitForSeconds"}
{"logLevel":"debug","message":"Executing 'Random bir ürün seçilir' using 'class ozdilek.appium.BasePage.selectRandomproduct"}
randomUrunSecme[[[io.appium.java_client.android.AndroidDriver, Capabilities: {appActivity=com.ozdilek.ozdilekteyim.MainActivity, appPackage=com.ozdilek.ozdilekteyim, databaseEnabled=false, desired={platformName=android, appActivity=com.ozdilek.ozdilekteyim.MainActivity, appPackage=com.ozdilek.ozdilekteyim, deviceName=emulator-5554}, deviceApiLevel=27, deviceManufacturer=Google, deviceModel=Android SDK built for x86, deviceName=emulator-5554, deviceScreenDensity=420, deviceScreenSize=1080x1920, deviceUDID=emulator-5554, javascriptEnabled=true, locationContextEnabled=false, networkConnectionEnabled=true, pixelRatio=2.625, platform=LINUX, platformName=Android, platformVersion=8.1.0, statBarHeight=63, takesScreenshot=true, viewportRect={left=0, top=63, width=1080, height=1731}, warnings={}, webStorageEnabled=false}] -> xpath: //*[@resource-id='com.ozdilek.ozdilekteyim:id/imageView']], [[io.appium.java_client.android.AndroidDriver, Capabilities: {appActivity=com.ozdilek.ozdilekteyim.MainActivity, appPackage=com.ozdilek.ozdilekteyim, databaseEnabled=false, desired={platformName=android, appActivity=com.ozdilek.ozdilekteyim.MainActivity, appPackage=com.ozdilek.ozdilekteyim, deviceName=emulator-5554}, deviceApiLevel=27, deviceManufacturer=Google, deviceModel=Android SDK built for x86, deviceName=emulator-5554, deviceScreenDensity=420, deviceScreenSize=1080x1920, deviceUDID=emulator-5554, javascriptEnabled=true, locationContextEnabled=false, networkConnectionEnabled=true, pixelRatio=2.625, platform=LINUX, platformName=Android, platformVersion=8.1.0, statBarHeight=63, takesScreenshot=true, viewportRect={left=0, top=63, width=1080, height=1731}, warnings={}, webStorageEnabled=false}] -> xpath: //*[@resource-id='com.ozdilek.ozdilekteyim:id/imageView']], [[io.appium.java_client.android.AndroidDriver, Capabilities: {appActivity=com.ozdilek.ozdilekteyim.MainActivity, appPackage=com.ozdilek.ozdilekteyim, databaseEnabled=false, desired={platformName=android, appActivity=com.ozdilek.ozdilekteyim.MainActivity, appPackage=com.ozdilek.ozdilekteyim, deviceName=emulator-5554}, deviceApiLevel=27, deviceManufacturer=Google, deviceModel=Android SDK built for x86, deviceName=emulator-5554, deviceScreenDensity=420, deviceScreenSize=1080x1920, deviceUDID=emulator-5554, javascriptEnabled=true, locationContextEnabled=false, networkConnectionEnabled=true, pixelRatio=2.625, platform=LINUX, platformName=Android, platformVersion=8.1.0, statBarHeight=63, takesScreenshot=true, viewportRect={left=0, top=63, width=1080, height=1731}, warnings={}, webStorageEnabled=false}] -> xpath: //*[@resource-id='com.ozdilek.ozdilekteyim:id/imageView']], [[io.appium.java_client.android.AndroidDriver, Capabilities: {appActivity=com.ozdilek.ozdilekteyim.MainActivity, appPackage=com.ozdilek.ozdilekteyim, databaseEnabled=false, desired={platformName=android, appActivity=com.ozdilek.ozdilekteyim.MainActivity, appPackage=com.ozdilek.ozdilekteyim, deviceName=emulator-5554}, deviceApiLevel=27, deviceManufacturer=Google, deviceModel=Android SDK built for x86, deviceName=emulator-5554, deviceScreenDensity=420, deviceScreenSize=1080x1920, deviceUDID=emulator-5554, javascriptEnabled=true, locationContextEnabled=false, networkConnectionEnabled=true, pixelRatio=2.625, platform=LINUX, platformName=Android, platformVersion=8.1.0, statBarHeight=63, takesScreenshot=true, viewportRect={left=0, top=63, width=1080, height=1731}, warnings={}, webStorageEnabled=false}] -> xpath: //*[@resource-id='com.ozdilek.ozdilekteyim:id/imageView']]]
element[[io.appium.java_client.android.AndroidDriver, Capabilities: {appActivity=com.ozdilek.ozdilekteyim.MainActivity, appPackage=com.ozdilek.ozdilekteyim, databaseEnabled=false, desired={platformName=android, appActivity=com.ozdilek.ozdilekteyim.MainActivity, appPackage=com.ozdilek.ozdilekteyim, deviceName=emulator-5554}, deviceApiLevel=27, deviceManufacturer=Google, deviceModel=Android SDK built for x86, deviceName=emulator-5554, deviceScreenDensity=420, deviceScreenSize=1080x1920, deviceUDID=emulator-5554, javascriptEnabled=true, locationContextEnabled=false, networkConnectionEnabled=true, pixelRatio=2.625, platform=LINUX, platformName=Android, platformVersion=8.1.0, statBarHeight=63, takesScreenshot=true, viewportRect={left=0, top=63, width=1080, height=1731}, warnings={}, webStorageEnabled=false}] -> xpath: //*[@resource-id='com.ozdilek.ozdilekteyim:id/imageView']]
{"logLevel":"debug","message":"Executing '{} saniye kadar bekle' using 'class ozdilek.appium.BasePage.waitForSeconds"}
{"logLevel":"debug","message":"Executing 'Urun detay sayfasi acildigi kontrol edilir' using 'class ozdilek.appium.BasePage.checkProductDetail"}
Urun detayına girildi.
{"logLevel":"debug","message":"Executing '{} saniye kadar bekle' using 'class ozdilek.appium.BasePage.waitForSeconds"}
{"logLevel":"debug","message":"Executing 'Urun favorilere eklenir' using 'class ozdilek.appium.BasePage.addToFav"}
Favorilere ekle butonuna basildi.
{"logLevel":"debug","message":"Executing '{} saniye kadar bekle' using 'class ozdilek.appium.BasePage.waitForSeconds"}
{"logLevel":"debug","message":"Executing '{} id'li elemente {} mail adresi girme' using 'class ozdilek.appium.BasePage.kullaniciAdi"}
{"logLevel":"debug","message":"Executing '{} saniye kadar bekle' using 'class ozdilek.appium.BasePage.waitForSeconds"}
{"logLevel":"debug","message":"Executing '{} 'li elemente {} şifre girme' using 'class ozdilek.appium.BasePage.kullaniciSifre"}
{"logLevel":"debug","message":"Executing '{} saniye kadar bekle' using 'class ozdilek.appium.BasePage.waitForSeconds"}
{"logLevel":"debug","message":"Executing 'id{} geri tusuna tıkla' using 'class ozdilek.appium.BasePage.clickBygeri"}
{"logLevel":"debug","message":"Executing '{} saniye kadar bekle' using 'class ozdilek.appium.BasePage.waitForSeconds"}
{"logLevel":"debug","message":"Executing 'id{} geri tusuna tıkla' using 'class ozdilek.appium.BasePage.clickBygeri"}
{"logLevel":"debug","message":"Executing '{} saniye kadar bekle' using 'class ozdilek.appium.BasePage.waitForSeconds"}
{"logLevel":"debug","message":"Executing 'Random bir ürün seçilir' using 'class ozdilek.appium.BasePage.selectRandomproduct"}
randomUrunSecme[[[io.appium.java_client.android.AndroidDriver, Capabilities: {appActivity=com.ozdilek.ozdilekteyim.MainActivity, appPackage=com.ozdilek.ozdilekteyim, databaseEnabled=false, desired={platformName=android, appActivity=com.ozdilek.ozdilekteyim.MainActivity, appPackage=com.ozdilek.ozdilekteyim, deviceName=emulator-5554}, deviceApiLevel=27, deviceManufacturer=Google, deviceModel=Android SDK built for x86, deviceName=emulator-5554, deviceScreenDensity=420, deviceScreenSize=1080x1920, deviceUDID=emulator-5554, javascriptEnabled=true, locationContextEnabled=false, networkConnectionEnabled=true, pixelRatio=2.625, platform=LINUX, platformName=Android, platformVersion=8.1.0, statBarHeight=63, takesScreenshot=true, viewportRect={left=0, top=63, width=1080, height=1731}, warnings={}, webStorageEnabled=false}] -> xpath: //*[@resource-id='com.ozdilek.ozdilekteyim:id/imageView']], [[io.appium.java_client.android.AndroidDriver, Capabilities: {appActivity=com.ozdilek.ozdilekteyim.MainActivity, appPackage=com.ozdilek.ozdilekteyim, databaseEnabled=false, desired={platformName=android, appActivity=com.ozdilek.ozdilekteyim.MainActivity, appPackage=com.ozdilek.ozdilekteyim, deviceName=emulator-5554}, deviceApiLevel=27, deviceManufacturer=Google, deviceModel=Android SDK built for x86, deviceName=emulator-5554, deviceScreenDensity=420, deviceScreenSize=1080x1920, deviceUDID=emulator-5554, javascriptEnabled=true, locationContextEnabled=false, networkConnectionEnabled=true, pixelRatio=2.625, platform=LINUX, platformName=Android, platformVersion=8.1.0, statBarHeight=63, takesScreenshot=true, viewportRect={left=0, top=63, width=1080, height=1731}, warnings={}, webStorageEnabled=false}] -> xpath: //*[@resource-id='com.ozdilek.ozdilekteyim:id/imageView']], [[io.appium.java_client.android.AndroidDriver, Capabilities: {appActivity=com.ozdilek.ozdilekteyim.MainActivity, appPackage=com.ozdilek.ozdilekteyim, databaseEnabled=false, desired={platformName=android, appActivity=com.ozdilek.ozdilekteyim.MainActivity, appPackage=com.ozdilek.ozdilekteyim, deviceName=emulator-5554}, deviceApiLevel=27, deviceManufacturer=Google, deviceModel=Android SDK built for x86, deviceName=emulator-5554, deviceScreenDensity=420, deviceScreenSize=1080x1920, deviceUDID=emulator-5554, javascriptEnabled=true, locationContextEnabled=false, networkConnectionEnabled=true, pixelRatio=2.625, platform=LINUX, platformName=Android, platformVersion=8.1.0, statBarHeight=63, takesScreenshot=true, viewportRect={left=0, top=63, width=1080, height=1731}, warnings={}, webStorageEnabled=false}] -> xpath: //*[@resource-id='com.ozdilek.ozdilekteyim:id/imageView']], [[io.appium.java_client.android.AndroidDriver, Capabilities: {appActivity=com.ozdilek.ozdilekteyim.MainActivity, appPackage=com.ozdilek.ozdilekteyim, databaseEnabled=false, desired={platformName=android, appActivity=com.ozdilek.ozdilekteyim.MainActivity, appPackage=com.ozdilek.ozdilekteyim, deviceName=emulator-5554}, deviceApiLevel=27, deviceManufacturer=Google, deviceModel=Android SDK built for x86, deviceName=emulator-5554, deviceScreenDensity=420, deviceScreenSize=1080x1920, deviceUDID=emulator-5554, javascriptEnabled=true, locationContextEnabled=false, networkConnectionEnabled=true, pixelRatio=2.625, platform=LINUX, platformName=Android, platformVersion=8.1.0, statBarHeight=63, takesScreenshot=true, viewportRect={left=0, top=63, width=1080, height=1731}, warnings={}, webStorageEnabled=false}] -> xpath: //*[@resource-id='com.ozdilek.ozdilekteyim:id/imageView']]]
element[[io.appium.java_client.android.AndroidDriver, Capabilities: {appActivity=com.ozdilek.ozdilekteyim.MainActivity, appPackage=com.ozdilek.ozdilekteyim, databaseEnabled=false, desired={platformName=android, appActivity=com.ozdilek.ozdilekteyim.MainActivity, appPackage=com.ozdilek.ozdilekteyim, deviceName=emulator-5554}, deviceApiLevel=27, deviceManufacturer=Google, deviceModel=Android SDK built for x86, deviceName=emulator-5554, deviceScreenDensity=420, deviceScreenSize=1080x1920, deviceUDID=emulator-5554, javascriptEnabled=true, locationContextEnabled=false, networkConnectionEnabled=true, pixelRatio=2.625, platform=LINUX, platformName=Android, platformVersion=8.1.0, statBarHeight=63, takesScreenshot=true, viewportRect={left=0, top=63, width=1080, height=1731}, warnings={}, webStorageEnabled=false}] -> xpath: //*[@resource-id='com.ozdilek.ozdilekteyim:id/imageView']]
{"logLevel":"debug","message":"Executing '{} saniye kadar bekle' using 'class ozdilek.appium.BasePage.waitForSeconds"}
{"logLevel":"debug","message":"Executing 'Sepete ekle' using 'class ozdilek.appium.BasePage.addToCart"}
Sepete ekle butonuna basildi.
{"logLevel":"debug","message":"Killing Java runner..."}
{"logLevel":"debug","message":"Stopping execution pool..."}
{"logLevel":"debug","message":"Shutting down grpc server..."}
{"logLevel":"debug","message":"Runner killed gracefully."}
