{"logLevel":"debug","message":"multithreading is set to false"}
{"logLevel":"debug","message":"Using reflection to scan dependencies for gauge implementations..."}
log4j:WARN No appenders could be found for logger (io.grpc.netty.shaded.io.netty.util.internal.logging.InternalLoggerFactory).
log4j:WARN Please initialize the log4j system properly.
log4j:WARN See http://logging.apache.org/log4j/1.2/faq.html#noconfig for more info.
{"logLevel":"debug","message":"gauge-java took 2171milliseconds to load and scan. This should be less than 'runner_connection_timeout' config value."}
{"logLevel":"debug","message":"run 'gauge config runner_connection_timeout' and verify that it is < 2171"}
{"logLevel":"debug","message":"starting gRPC server..."}
{"logLevel":"debug","message":"started gRPC server on port 60902"}
{"logLevel":"info","message":"Listening on port:60902"}
{"logLevel":"debug","message":"Scanning packages for steps"}
{"logLevel":"debug","message":"Comparing 'ozdilek.appium.BasePage.scrollEt' and 'ozdilek.appium.BasePage.scrollEt'"}
{"logLevel":"debug","message":"Found {} in current project scope."}
{"logLevel":"debug","message":"Comparing 'ozdilek.appium.BasePage.checkText' and 'ozdilek.appium.BasePage.checkText'"}
{"logLevel":"debug","message":"Found id{} li elementi kontrol et in current project scope."}
{"logLevel":"debug","message":"Comparing 'ozdilek.appium.BasePage.waitForSeconds' and 'ozdilek.appium.BasePage.waitForSeconds'"}
{"logLevel":"debug","message":"Found {} saniye kadar bekle in current project scope."}
{"logLevel":"debug","message":"Comparing 'ozdilek.appium.BasePage.clickBykadın' and 'ozdilek.appium.BasePage.clickBykadın'"}
{"logLevel":"debug","message":"Found xpath{} kadın kategorisine tıkla in current project scope."}
{"logLevel":"debug","message":"Comparing 'ozdilek.appium.BasePage.checkText1' and 'ozdilek.appium.BasePage.checkText1'"}
{"logLevel":"debug","message":"Found id{} li elementli kontrol et in current project scope."}
{"logLevel":"debug","message":"Comparing 'ozdilek.appium.BasePage.clickBykategori' and 'ozdilek.appium.BasePage.clickBykategori'"}
{"logLevel":"debug","message":"Found id{} kategoriye tıkla in current project scope."}
{"logLevel":"debug","message":"Comparing 'ozdilek.appium.BasePage.clickById' and 'ozdilek.appium.BasePage.clickById'"}
{"logLevel":"debug","message":"Found id{} li elemente tıkla in current project scope."}
{"logLevel":"debug","message":"Comparing 'ozdilek.appium.BasePage.clickBypantolon' and 'ozdilek.appium.BasePage.clickBypantolon'"}
{"logLevel":"debug","message":"Found xpath{} pantolon kategorisine tıkla in current project scope."}
{"logLevel":"debug","message":"Scanning packages for hooks"}
{"logLevel":"debug","message":"Scanned steps (using static parsing + reflections): "}
{"logLevel":"debug","message":"\tid{} li elementi kontrol et : public void checkText(String id)"}
{"logLevel":"debug","message":"\tid{} li elementli kontrol et : public void checkText1(String id)"}
{"logLevel":"debug","message":"\t{} : public void scrollEt(String scroll)"}
{"logLevel":"debug","message":"\tid{} kategoriye tıkla : public void clickBykategori(String id)"}
{"logLevel":"debug","message":"\tid{} li elemente tıkla : public void clickById(String id)"}
{"logLevel":"debug","message":"\txpath{} pantolon kategorisine tıkla : public void clickBypantolon(String xpath)"}
{"logLevel":"debug","message":"\t{} saniye kadar bekle : public void waitForSeconds(ınt wait) throws InterruptedException"}
{"logLevel":"debug","message":"\txpath{} kadın kategorisine tıkla : public void clickBykadın(String xpath)"}
Feb 28, 2022 2:01:23 PM io.appium.java_client.remote.AppiumCommandExecutor$1 lambda$0
INFO: Detected dialect: W3C
{"logLevel":"debug","message":"Executing '{} saniye kadar bekle' using 'class ozdilek.appium.BasePage.waitForSeconds"}
{"logLevel":"debug","message":"Executing 'id{} li elementi kontrol et' using 'class ozdilek.appium.BasePage.checkText"}
{"logLevel":"debug","message":"Killing Java runner..."}
{"logLevel":"debug","message":"Stopping execution pool..."}
{"logLevel":"debug","message":"Shutting down grpc server..."}
{"logLevel":"debug","message":"Runner killed gracefully."}
